0 info it worked if it ends with ok
1 verbose cli [ '/usr/local/Cellar/node/7.2.0/bin/node',
1 verbose cli   '/usr/local/bin/npm',
1 verbose cli   'run',
1 verbose cli   'build' ]
2 info using npm@3.10.9
3 info using node@v7.2.0
4 verbose run-script [ 'prebuild', 'build', 'postbuild' ]
5 info lifecycle typescript-complete-course@1.0.0~prebuild: typescript-complete-course@1.0.0
6 silly lifecycle typescript-complete-course@1.0.0~prebuild: no script for prebuild, continuing
7 info lifecycle typescript-complete-course@1.0.0~build: typescript-complete-course@1.0.0
8 verbose lifecycle typescript-complete-course@1.0.0~build: unsafe-perm in lifecycle true
9 verbose lifecycle typescript-complete-course@1.0.0~build: PATH: /usr/local/lib/node_modules/npm/bin/node-gyp-bin:/Users/daconner/Dropbox/Projects/Udemy/typescript-complete-course/node_modules/.bin:/usr/local/Cellar/node/7.2.0/bin:/Users/daconner/bin:/usr/local/bin:/usr/bin:/bin:/usr/sbin:/sbin:/opt/X11/bin:/usr/local/git/bin:/usr/texbin:/Users/daconner/Library/Haskell/bin
10 verbose lifecycle typescript-complete-course@1.0.0~build: CWD: /Users/daconner/Dropbox/Projects/Udemy/typescript-complete-course
11 silly lifecycle typescript-complete-course@1.0.0~build: Args: [ '-c', 'webpack -d --watch' ]
12 silly lifecycle typescript-complete-course@1.0.0~build: Returned: code: 255  signal: null
13 info lifecycle typescript-complete-course@1.0.0~build: Failed to exec build script
14 verbose stack Error: typescript-complete-course@1.0.0 build: `webpack -d --watch`
14 verbose stack Exit status 255
14 verbose stack     at EventEmitter.<anonymous> (/usr/local/lib/node_modules/npm/lib/utils/lifecycle.js:255:16)
14 verbose stack     at emitTwo (events.js:106:13)
14 verbose stack     at EventEmitter.emit (events.js:191:7)
14 verbose stack     at ChildProcess.<anonymous> (/usr/local/lib/node_modules/npm/lib/utils/spawn.js:40:14)
14 verbose stack     at emitTwo (events.js:106:13)
14 verbose stack     at ChildProcess.emit (events.js:191:7)
14 verbose stack     at maybeClose (internal/child_process.js:885:16)
14 verbose stack     at Process.ChildProcess._handle.onexit (internal/child_process.js:226:5)
15 verbose pkgid typescript-complete-course@1.0.0
16 verbose cwd /Users/daconner/Dropbox/Projects/Udemy/typescript-complete-course
17 error Darwin 16.1.0
18 error argv "/usr/local/Cellar/node/7.2.0/bin/node" "/usr/local/bin/npm" "run" "build"
19 error node v7.2.0
20 error npm  v3.10.9
21 error code ELIFECYCLE
22 error typescript-complete-course@1.0.0 build: `webpack -d --watch`
22 error Exit status 255
23 error Failed at the typescript-complete-course@1.0.0 build script 'webpack -d --watch'.
23 error Make sure you have the latest version of node.js and npm installed.
23 error If you do, this is most likely a problem with the typescript-complete-course package,
23 error not with npm itself.
23 error Tell the author that this fails on your system:
23 error     webpack -d --watch
23 error You can get information on how to open an issue for this project with:
23 error     npm bugs typescript-complete-course
23 error Or if that isn't available, you can get their info via:
23 error     npm owner ls typescript-complete-course
23 error There is likely additional logging output above.
24 verbose exit [ 1, true ]
